<?xml version="1.0" encoding="UTF-8"?>
<testng-results skipped="0" failed="0" ignored="0" total="1" passed="1">
  <reporter-output>
  </reporter-output>
  <suite name="Default suite" duration-ms="969" started-at="2021-06-21T21:02:47 IST" finished-at="2021-06-21T21:02:48 IST">
    <groups>
    </groups>
    <test name="Default test" duration-ms="969" started-at="2021-06-21T21:02:47 IST" finished-at="2021-06-21T21:02:48 IST">
      <class name="com.capg.testcase.LoginTestClass">
        <test-method status="PASS" signature="launchBrowser()[pri:0, instance:com.capg.testcase.LoginTestClass@2d6eabae]" name="launchBrowser" is-config="true" duration-ms="9308" started-at="2021-06-21T21:02:38 IST" finished-at="2021-06-21T21:02:47 IST">
          <reporter-output>
          </reporter-output>
        </test-method> <!-- launchBrowser -->
        <test-method status="PASS" signature="login()[pri:0, instance:com.capg.testcase.LoginTestClass@2d6eabae]" name="login" duration-ms="885" started-at="2021-06-21T21:02:48 IST" finished-at="2021-06-21T21:02:48 IST">
          <reporter-output>
          </reporter-output>
        </test-method> <!-- login -->
        <test-method status="PASS" signature="closeBrowser()[pri:0, instance:com.capg.testcase.LoginTestClass@2d6eabae]" name="closeBrowser" is-config="true" duration-ms="1" started-at="2021-06-21T21:02:49 IST" finished-at="2021-06-21T21:02:49 IST">
          <reporter-output>
          </reporter-output>
        </test-method> <!-- closeBrowser -->
      </class> <!-- com.capg.testcase.LoginTestClass -->
    </test> <!-- Default test -->
  </suite> <!-- Default suite -->
</testng-results>
